<?xml version="1.0" encoding="UTF-8"?>
<!-- Generated by org.testng.reporters.JUnitXMLReporter -->
<testsuite ignored="0" hostname="99s-MacBook-Pro-3.local" failures="1" tests="4" name="Test Suite" time="788.831" errors="0" timestamp="09 Jul 2021 07:33:38 GMT">
  <testcase classname="android.ninetynine.createlisting.C1407_CreateACondoRentRegularListing" name="C1407_CreateACondoRentRegular_Listing" time="220.243"/>
  <testcase classname="android.ninetynine.createlisting.C1409_CreateALandedRentRegularListing" name="C1409_CreateALandedRentRegular_Listing" time="226.259"/>
  <testcase classname="android.ninetynine.createlisting.C1412_CreateACondoSaleRegularListing" name="C1412_CreateACondoSaleRegular_Listing" time="13.429">
    <failure type="java.lang.AssertionError" message="Object not found step failed">
      <![CDATA[java.lang.AssertionError: Object not found step failed
	at android.ninetynine.util.GeneralUtilities.verifyelemen(GeneralUtilities.java:51)
	at android.ninetynine.util.GeneralUtilities.click(GeneralUtilities.java:60)
	at android.ninetynine.pageobjects.Login.Click_Home_Me(Login.java:165)
	at android.ninetynine.createlisting.C1412_CreateACondoSaleRegularListing.C1412_CreateACondoSaleRegular_Listing(C1412_CreateACondoSaleRegularListing.java:41)
... Removed 26 stack frames]]>
    </failure>
  </testcase> <!-- C1412_CreateACondoSaleRegular_Listing -->
  <testcase classname="android.ninetynine.createlisting.C1413_CreateALandedSaleRegularListing" name="C1413_CreateALandedSaleRegular_Listing" time="228.548"/>
</testsuite> <!-- Test Suite -->
